<?xml version="1.0" encoding="UTF-8"?>
<testng-results skipped="0" failed="0" total="1" passed="1">
  <reporter-output>
  </reporter-output>
  <suite name="Default suite" duration-ms="46" started-at="2020-02-22T06:38:38Z" finished-at="2020-02-22T06:38:38Z">
    <groups>
    </groups>
    <test name="Default test" duration-ms="46" started-at="2020-02-22T06:38:38Z" finished-at="2020-02-22T06:38:38Z">
      <class name="Testing.NewTest">
        <test-method status="PASS" signature="f()[pri:0, instance:Testing.NewTest@5f2050f6]" name="f" duration-ms="15" started-at="2020-02-22T12:08:38Z" finished-at="2020-02-22T12:08:38Z">
          <reporter-output>
          </reporter-output>
        </test-method> <!-- f -->
      </class> <!-- Testing.NewTest -->
    </test> <!-- Default test -->
  </suite> <!-- Default suite -->
</testng-results>
