<?xml version="1.0" encoding="UTF-8"?>
<testng-results skipped="0" failed="0" total="1" passed="1">
  <reporter-output>
  </reporter-output>
  <suite name="Default suite" duration-ms="47" started-at="2020-02-22T06:36:10Z" finished-at="2020-02-22T06:36:10Z">
    <groups>
    </groups>
    <test name="Default test" duration-ms="47" started-at="2020-02-22T06:36:10Z" finished-at="2020-02-22T06:36:10Z">
      <class name="Testing.NewTest">
        <test-method status="PASS" signature="f()[pri:0, instance:Testing.NewTest@28864e92]" name="f" duration-ms="32" started-at="2020-02-22T12:06:10Z" finished-at="2020-02-22T12:06:10Z">
          <reporter-output>
          </reporter-output>
        </test-method> <!-- f -->
      </class> <!-- Testing.NewTest -->
    </test> <!-- Default test -->
  </suite> <!-- Default suite -->
</testng-results>
